Arguments: 
  /usr/local/bin/node /usr/local/bin/yarn

PATH: 
  /Users/zhangboliang/.tuya-panel-cli/bin:/Users/zhangboliang/Documents/Packages/apache-maven-3.8.5/bin:/usr/local/bin:/usr/bin:/bin:/usr/sbin:/sbin:/Users/zhangboliang/.tuya-panel-cli/bin:/Users/zhangboliang/Documents/Packages/apache-maven-3.8.5/bin

Yarn version: 
  1.22.10

Node version: 
  14.17.4

Platform: 
  darwin x64

Trace: 
  Error: https://registry.npmjs.org/@typescript-eslint%2feslint-plugin: ESOCKETTIMEDOUT
      at ClientRequest.<anonymous> (/usr/local/lib/node_modules/yarn/lib/cli.js:141289:19)
      at Object.onceWrapper (events.js:519:28)
      at ClientRequest.emit (events.js:400:28)
      at TLSSocket.emitRequestTimeout (_http_client.js:790:9)
      at Object.onceWrapper (events.js:519:28)
      at TLSSocket.emit (events.js:412:35)
      at TLSSocket.Socket._onTimeout (net.js:484:8)
      at listOnTimeout (internal/timers.js:557:17)
      at processTimers (internal/timers.js:500:7)

npm manifest: 
  {
    "name": "sxy",
    "version": "0.1.0",
    "private": true,
    "scripts": {
      "serve": "vue-cli-service serve",
      "build": "vue-cli-service build",
      "test:unit": "vue-cli-service test:unit",
      "lint": "vue-cli-service lint"
    },
    "dependencies": {
      "core-js": "^3.6.5",
      "element-plus": "^2.2.30",
      "lodash": "^4.17.21",
      "vue": "^3.0.0",
      "vue-class-component": "^8.0.0-0",
      "vue-router": "^4.0.0-0",
      "vuex": "^4.0.0-0"
    },
    "devDependencies": {
      "@types/jest": "^24.0.19",
      "@typescript-eslint/eslint-plugin": "^4.18.0",
      "@typescript-eslint/parser": "^4.18.0",
      "@vue/cli-plugin-babel": "~4.5.15",
      "@vue/cli-plugin-eslint": "~4.5.15",
      "@vue/cli-plugin-router": "~4.5.15",
      "@vue/cli-plugin-typescript": "~4.5.15",
      "@vue/cli-plugin-unit-jest": "~4.5.15",
      "@vue/cli-plugin-vuex": "~4.5.15",
      "@vue/cli-service": "~4.5.15",
      "@vue/compiler-sfc": "^3.0.0",
      "@vue/eslint-config-prettier": "^6.0.0",
      "@vue/eslint-config-typescript": "^7.0.0",
      "@vue/test-utils": "^2.0.0-0",
      "eslint": "^6.7.2",
      "eslint-plugin-prettier": "^3.3.1",
      "eslint-plugin-vue": "^7.0.0",
      "lint-staged": "^9.5.0",
      "prettier": "^2.2.1",
      "typescript": "~4.1.5",
      "vue-jest": "^5.0.0-0"
    },
    "gitHooks": {
      "pre-commit": "lint-staged"
    },
    "lint-staged": {
      "*.{js,jsx,vue,ts,tsx}": [
        "vue-cli-service lint",
        "git add"
      ]
    }
  }

yarn manifest: 
  No manifest

Lockfile: 
  No lockfile
